<?xml version="1.0" encoding="UTF-8"?>
<testsuite xmlns:xsi="http://www.w3.org/2001/XMLSchema-instance" xsi:noNamespaceSchemaLocation="https://maven.apache.org/surefire/maven-surefire-plugin/xsd/surefire-test-report-3.0.xsd" version="3.0" name="com.poc.stripe_poc.StripePocApplicationTests" time="10.555" tests="1" errors="0" skipped="0" failures="0">
  <properties>
[...]
</properties>
  <testcase name="contextLoads" classname="com.poc.stripe_poc.StripePocApplicationTests" time="2.947">
    <system-out><![CDATA[18:30:06.301 [main] INFO org.springframework.test.context.support.AnnotationConfigContextLoaderUtils -- Could not detect default configuration classes for test class [com.poc.stripe_poc.StripePocApplicationTests]: StripePocApplicationTests does not declare any static, non-private, non-final, nested classes annotated with @Configuration.
18:30:07.307 [main] INFO org.springframework.boot.test.context.SpringBootTestContextBootstrapper -- Found @SpringBootConfiguration com.poc.stripe_poc.StripePocApplication for test class com.poc.stripe_poc.StripePocApplicationTests

  .   ____          _            __ _ _
 /\\ / ___'_ __ _ _(_)_ __  __ _ \ \ \ \
( ( )\___ | '_ | '_| | '_ \/ _` | \ \ \ \
 \\/  ___)| |_)| | | | | || (_| |  ) ) ) )
  '  |____| .__|_| |_|_| |_\__, | / / / /
 =========|_|==============|___/=/_/_/_/
 :: Spring Boot ::       (v3.2.0-SNAPSHOT)

2023-08-07T18:30:08.752+05:30  INFO 45725 --- [           main] c.p.s.StripePocApplicationTests          : Starting StripePocApplicationTests using Java 17.0.8 with PID 45725 (started by Anil in /Users/Anil/Documents/Emagia/stripe_poc)
2023-08-07T18:30:08.760+05:30  INFO 45725 --- [           main] c.p.s.StripePocApplicationTests          : No active profile set, falling back to 1 default profile: "default"
2023-08-07T18:30:13.178+05:30  WARN 45725 --- [           main] ion$DefaultTemplateResolverConfiguration : Cannot find template location: classpath:/templates/ (please add some templates, check your Thymeleaf configuration, or set spring.thymeleaf.check-template-location=false)
2023-08-07T18:30:13.353+05:30  INFO 45725 --- [           main] c.p.s.StripePocApplicationTests          : Started StripePocApplicationTests in 5.552 seconds (process running for 10.403)
]]></system-out>
  </testcase>
</testsuite>